2023-10-30 16:19:22,793 - INFO - 申请查询页
2023-10-30 16:19:25,656 - INFO - 错误队列
2023-10-30 16:19:25,656 - INFO - 错误队列
2023-10-30 16:23:46,359 - INFO - 测试用户登录
2023-10-30 16:23:46,359 - INFO - 测试用户登录
2023-10-30 16:23:46,359 - INFO - 测试用户登录
2023-10-30 16:23:46,446 - DEBUG - 输入用户名称：add
2023-10-30 16:23:46,446 - DEBUG - 输入用户名称：add
2023-10-30 16:23:46,446 - DEBUG - 输入用户名称：add
2023-10-30 16:23:46,544 - DEBUG - 输入用户密码：111111
2023-10-30 16:23:46,544 - DEBUG - 输入用户密码：111111
2023-10-30 16:23:46,544 - DEBUG - 输入用户密码：111111
2023-10-30 16:23:46,590 - DEBUG - 点击登录
2023-10-30 16:23:46,590 - DEBUG - 点击登录
2023-10-30 16:23:46,590 - DEBUG - 点击登录
2023-10-30 16:23:51,931 - DEBUG - 输入用户名称：Administrator
2023-10-30 16:23:51,931 - DEBUG - 输入用户名称：Administrator
2023-10-30 16:23:51,931 - DEBUG - 输入用户名称：Administrator
2023-10-30 16:23:52,028 - DEBUG - 输入用户密码：222222
2023-10-30 16:23:52,028 - DEBUG - 输入用户密码：222222
2023-10-30 16:23:52,028 - DEBUG - 输入用户密码：222222
2023-10-30 16:23:52,071 - DEBUG - 点击登录
2023-10-30 16:23:52,071 - DEBUG - 点击登录
2023-10-30 16:23:52,071 - DEBUG - 点击登录
2023-10-30 16:23:57,352 - DEBUG - 输入用户名称：Administrator
2023-10-30 16:23:57,352 - DEBUG - 输入用户名称：Administrator
2023-10-30 16:23:57,352 - DEBUG - 输入用户名称：Administrator
2023-10-30 16:23:57,398 - DEBUG - 输入用户密码：000000
2023-10-30 16:23:57,398 - DEBUG - 输入用户密码：000000
2023-10-30 16:23:57,398 - DEBUG - 输入用户密码：000000
2023-10-30 16:23:57,429 - DEBUG - 点击登录
2023-10-30 16:23:57,429 - DEBUG - 点击登录
2023-10-30 16:23:57,429 - DEBUG - 点击登录
2023-10-30 16:24:20,293 - INFO - 申请查询页
2023-10-30 16:24:20,293 - INFO - 申请查询页
2023-10-30 16:24:20,293 - INFO - 申请查询页
2023-10-30 16:24:20,293 - INFO - 申请查询页
2023-10-30 16:24:25,114 - INFO - 申请查询页
2023-10-30 16:24:25,114 - INFO - 申请查询页
2023-10-30 16:24:25,114 - INFO - 申请查询页
2023-10-30 16:24:25,114 - INFO - 申请查询页
2023-10-30 16:24:25,114 - INFO - 申请查询页
2023-10-30 16:24:28,597 - DEBUG - 申请件状态
2023-10-30 16:24:28,597 - DEBUG - 申请件状态
2023-10-30 16:24:28,597 - DEBUG - 申请件状态
2023-10-30 16:24:28,597 - DEBUG - 申请件状态
2023-10-30 16:24:28,597 - DEBUG - 申请件状态
2023-10-30 16:24:30,564 - INFO - 分中心预审
2023-10-30 16:24:30,564 - INFO - 分中心预审
2023-10-30 16:24:30,564 - INFO - 分中心预审
2023-10-30 16:24:30,564 - INFO - 分中心预审
2023-10-30 16:24:30,564 - INFO - 分中心预审
2023-10-30 16:24:30,564 - INFO - 分中心预审
2023-10-30 16:24:55,010 - INFO - 申请查询页
2023-10-30 16:24:55,010 - INFO - 申请查询页
2023-10-30 16:24:55,010 - INFO - 申请查询页
2023-10-30 16:24:55,010 - INFO - 申请查询页
2023-10-30 16:24:55,010 - INFO - 申请查询页
2023-10-30 16:24:55,010 - INFO - 申请查询页
2023-10-30 16:24:55,010 - INFO - 申请查询页
2023-10-30 16:24:58,426 - DEBUG - 申请件状态
2023-10-30 16:24:58,426 - DEBUG - 申请件状态
2023-10-30 16:24:58,426 - DEBUG - 申请件状态
2023-10-30 16:24:58,426 - DEBUG - 申请件状态
2023-10-30 16:24:58,426 - DEBUG - 申请件状态
2023-10-30 16:24:58,426 - DEBUG - 申请件状态
2023-10-30 16:24:58,426 - DEBUG - 申请件状态
2023-10-30 16:25:00,169 - INFO - 外部接口后IN
2023-10-30 16:25:00,169 - INFO - 外部接口后IN
2023-10-30 16:25:00,169 - INFO - 外部接口后IN
2023-10-30 16:25:00,169 - INFO - 外部接口后IN
2023-10-30 16:25:00,169 - INFO - 外部接口后IN
2023-10-30 16:25:00,169 - INFO - 外部接口后IN
2023-10-30 16:25:00,169 - INFO - 外部接口后IN
2023-10-30 16:25:00,169 - INFO - 外部接口后IN
2023-10-30 16:25:15,032 - INFO - 申请查询页
2023-10-30 16:25:15,032 - INFO - 申请查询页
2023-10-30 16:25:15,032 - INFO - 申请查询页
2023-10-30 16:25:15,032 - INFO - 申请查询页
2023-10-30 16:25:15,032 - INFO - 申请查询页
2023-10-30 16:25:15,032 - INFO - 申请查询页
2023-10-30 16:25:15,032 - INFO - 申请查询页
2023-10-30 16:25:15,032 - INFO - 申请查询页
2023-10-30 16:25:15,032 - INFO - 申请查询页
2023-10-30 16:25:18,493 - DEBUG - 申请件状态
2023-10-30 16:25:18,493 - DEBUG - 申请件状态
2023-10-30 16:25:18,493 - DEBUG - 申请件状态
2023-10-30 16:25:18,493 - DEBUG - 申请件状态
2023-10-30 16:25:18,493 - DEBUG - 申请件状态
2023-10-30 16:25:18,493 - DEBUG - 申请件状态
2023-10-30 16:25:18,493 - DEBUG - 申请件状态
2023-10-30 16:25:18,493 - DEBUG - 申请件状态
2023-10-30 16:25:18,493 - DEBUG - 申请件状态
2023-10-30 16:25:20,555 - INFO - 信审
2023-10-30 16:25:20,555 - INFO - 信审
2023-10-30 16:25:20,555 - INFO - 信审
2023-10-30 16:25:20,555 - INFO - 信审
2023-10-30 16:25:20,555 - INFO - 信审
2023-10-30 16:25:20,555 - INFO - 信审
2023-10-30 16:25:20,555 - INFO - 信审
2023-10-30 16:25:20,555 - INFO - 信审
2023-10-30 16:25:20,555 - INFO - 信审
2023-10-30 16:25:20,555 - INFO - 信审
2023-10-30 16:26:33,419 - INFO - 申请查询页
2023-10-30 16:26:33,419 - INFO - 申请查询页
2023-10-30 16:26:33,419 - INFO - 申请查询页
2023-10-30 16:26:33,419 - INFO - 申请查询页
2023-10-30 16:26:33,419 - INFO - 申请查询页
2023-10-30 16:26:33,419 - INFO - 申请查询页
2023-10-30 16:26:33,419 - INFO - 申请查询页
2023-10-30 16:26:33,419 - INFO - 申请查询页
2023-10-30 16:26:33,419 - INFO - 申请查询页
2023-10-30 16:26:33,419 - INFO - 申请查询页
2023-10-30 16:26:33,419 - INFO - 申请查询页
2023-10-30 16:26:36,838 - DEBUG - 申请件状态
2023-10-30 16:26:36,838 - DEBUG - 申请件状态
2023-10-30 16:26:36,838 - DEBUG - 申请件状态
2023-10-30 16:26:36,838 - DEBUG - 申请件状态
2023-10-30 16:26:36,838 - DEBUG - 申请件状态
2023-10-30 16:26:36,838 - DEBUG - 申请件状态
2023-10-30 16:26:36,838 - DEBUG - 申请件状态
2023-10-30 16:26:36,838 - DEBUG - 申请件状态
2023-10-30 16:26:36,838 - DEBUG - 申请件状态
2023-10-30 16:26:36,838 - DEBUG - 申请件状态
2023-10-30 16:26:36,838 - DEBUG - 申请件状态
2023-10-30 16:26:38,629 - INFO - 信审ins
2023-10-30 16:26:38,629 - INFO - 信审ins
2023-10-30 16:26:38,629 - INFO - 信审ins
2023-10-30 16:26:38,629 - INFO - 信审ins
2023-10-30 16:26:38,629 - INFO - 信审ins
2023-10-30 16:26:38,629 - INFO - 信审ins
2023-10-30 16:26:38,629 - INFO - 信审ins
2023-10-30 16:26:38,629 - INFO - 信审ins
2023-10-30 16:26:38,629 - INFO - 信审ins
2023-10-30 16:26:38,629 - INFO - 信审ins
2023-10-30 16:26:38,629 - INFO - 信审ins
2023-10-30 16:26:38,629 - INFO - 信审ins
2023-10-30 16:26:47,583 - INFO - 申请查询页
2023-10-30 16:26:47,583 - INFO - 申请查询页
2023-10-30 16:26:47,583 - INFO - 申请查询页
2023-10-30 16:26:47,583 - INFO - 申请查询页
2023-10-30 16:26:47,583 - INFO - 申请查询页
2023-10-30 16:26:47,583 - INFO - 申请查询页
2023-10-30 16:26:47,583 - INFO - 申请查询页
2023-10-30 16:26:47,583 - INFO - 申请查询页
2023-10-30 16:26:47,583 - INFO - 申请查询页
2023-10-30 16:26:47,583 - INFO - 申请查询页
2023-10-30 16:26:47,583 - INFO - 申请查询页
2023-10-30 16:26:47,583 - INFO - 申请查询页
2023-10-30 16:26:47,583 - INFO - 申请查询页
2023-10-30 16:26:50,982 - DEBUG - 申请件状态
2023-10-30 16:26:50,982 - DEBUG - 申请件状态
2023-10-30 16:26:50,982 - DEBUG - 申请件状态
2023-10-30 16:26:50,982 - DEBUG - 申请件状态
2023-10-30 16:26:50,982 - DEBUG - 申请件状态
2023-10-30 16:26:50,982 - DEBUG - 申请件状态
2023-10-30 16:26:50,982 - DEBUG - 申请件状态
2023-10-30 16:26:50,982 - DEBUG - 申请件状态
2023-10-30 16:26:50,982 - DEBUG - 申请件状态
2023-10-30 16:26:50,982 - DEBUG - 申请件状态
2023-10-30 16:26:50,982 - DEBUG - 申请件状态
2023-10-30 16:26:50,982 - DEBUG - 申请件状态
2023-10-30 16:26:50,982 - DEBUG - 申请件状态
2023-10-30 16:26:52,764 - INFO - 信用决策
2023-10-30 16:26:52,764 - INFO - 信用决策
2023-10-30 16:26:52,764 - INFO - 信用决策
2023-10-30 16:26:52,764 - INFO - 信用决策
2023-10-30 16:26:52,764 - INFO - 信用决策
2023-10-30 16:26:52,764 - INFO - 信用决策
2023-10-30 16:26:52,764 - INFO - 信用决策
2023-10-30 16:26:52,764 - INFO - 信用决策
2023-10-30 16:26:52,764 - INFO - 信用决策
2023-10-30 16:26:52,764 - INFO - 信用决策
2023-10-30 16:26:52,764 - INFO - 信用决策
2023-10-30 16:26:52,764 - INFO - 信用决策
2023-10-30 16:26:52,764 - INFO - 信用决策
2023-10-30 16:26:52,764 - INFO - 信用决策
2023-10-30 16:27:12,135 - INFO - 申请查询页
2023-10-30 16:27:12,135 - INFO - 申请查询页
2023-10-30 16:27:12,135 - INFO - 申请查询页
2023-10-30 16:27:12,135 - INFO - 申请查询页
2023-10-30 16:27:12,135 - INFO - 申请查询页
2023-10-30 16:27:12,135 - INFO - 申请查询页
2023-10-30 16:27:12,135 - INFO - 申请查询页
2023-10-30 16:27:12,135 - INFO - 申请查询页
2023-10-30 16:27:12,135 - INFO - 申请查询页
2023-10-30 16:27:12,135 - INFO - 申请查询页
2023-10-30 16:27:12,135 - INFO - 申请查询页
2023-10-30 16:27:12,135 - INFO - 申请查询页
2023-10-30 16:27:12,135 - INFO - 申请查询页
2023-10-30 16:27:12,135 - INFO - 申请查询页
2023-10-30 16:27:12,135 - INFO - 申请查询页
2023-10-30 16:27:15,655 - DEBUG - 申请件状态
2023-10-30 16:27:15,655 - DEBUG - 申请件状态
2023-10-30 16:27:15,655 - DEBUG - 申请件状态
2023-10-30 16:27:15,655 - DEBUG - 申请件状态
2023-10-30 16:27:15,655 - DEBUG - 申请件状态
2023-10-30 16:27:15,655 - DEBUG - 申请件状态
2023-10-30 16:27:15,655 - DEBUG - 申请件状态
2023-10-30 16:27:15,655 - DEBUG - 申请件状态
2023-10-30 16:27:15,655 - DEBUG - 申请件状态
2023-10-30 16:27:15,655 - DEBUG - 申请件状态
2023-10-30 16:27:15,655 - DEBUG - 申请件状态
2023-10-30 16:27:15,655 - DEBUG - 申请件状态
2023-10-30 16:27:15,655 - DEBUG - 申请件状态
2023-10-30 16:27:15,655 - DEBUG - 申请件状态
2023-10-30 16:27:15,655 - DEBUG - 申请件状态
2023-10-30 16:27:17,494 - INFO - 实时制卡
2023-10-30 16:27:17,494 - INFO - 实时制卡
2023-10-30 16:27:17,494 - INFO - 实时制卡
2023-10-30 16:27:17,494 - INFO - 实时制卡
2023-10-30 16:27:17,494 - INFO - 实时制卡
2023-10-30 16:27:17,494 - INFO - 实时制卡
2023-10-30 16:27:17,494 - INFO - 实时制卡
2023-10-30 16:27:17,494 - INFO - 实时制卡
2023-10-30 16:27:17,494 - INFO - 实时制卡
2023-10-30 16:27:17,494 - INFO - 实时制卡
2023-10-30 16:27:17,494 - INFO - 实时制卡
2023-10-30 16:27:17,494 - INFO - 实时制卡
2023-10-30 16:27:17,494 - INFO - 实时制卡
2023-10-30 16:27:17,494 - INFO - 实时制卡
2023-10-30 16:27:17,494 - INFO - 实时制卡
2023-10-30 16:27:17,494 - INFO - 实时制卡
